-----------------------------------------------------------------------------
Microsoft (R) PREfast Version 8.0.50727.80118.
Copyright (C) Microsoft Corporation. All rights reserved.
-----------------------------------------------------------------------------
Contents of defect log: PREfast_defects_chk_wlh_x86.xml
-----------------------------------------------------------------------------
<<<<<<< .mine
d:\project\ad-bat\ad-bat\sys\sys.c (1720): warning 28159: Consider using 'ExAllocatePoolWithTag' instead of 'ExAllocatePool'. Reason:  No tag interferes with debugging.
	FUNCTION: Handle2Target (1706)
=======
f:\driver\ad-bat\ad-bat\sys\sys.c (1716): warning 28159: Consider using 'ExAllocatePoolWithTag' instead of 'ExAllocatePool'. Reason:  No tag interferes with debugging.
	FUNCTION: Handle2Target (1702)
>>>>>>> .r34

<<<<<<< .mine
d:\project\ad-bat\ad-bat\sys\sys.c (1850): warning 28159: Consider using 'ExAllocatePoolWithTag' instead of 'ExAllocatePool'. Reason:  No tag interferes with debugging.
	FUNCTION: ReadRules (1796)
=======
f:\driver\ad-bat\ad-bat\sys\sys.c (1853): warning 28159: Consider using 'ExAllocatePoolWithTag' instead of 'ExAllocatePool'. Reason:  No tag interferes with debugging.
	FUNCTION: ReadRules (1792)
>>>>>>> .r34

<<<<<<< .mine
d:\project\ad-bat\ad-bat\sys\sys.c (1981): warning 28159: Consider using 'ExAllocatePoolWithTag' instead of 'ExAllocatePool'. Reason:  No tag interferes with debugging.
	FUNCTION: GetHashsF (1966)
=======
f:\driver\ad-bat\ad-bat\sys\sys.c (1981): warning 28159: Consider using 'ExAllocatePoolWithTag' instead of 'ExAllocatePool'. Reason:  No tag interferes with debugging.
	FUNCTION: GetHashsF (1966)
>>>>>>> .r34

<<<<<<< .mine
d:\project\ad-bat\ad-bat\sys\sys.c (2021): warning 28159: Consider using 'ExAllocatePoolWithTag' instead of 'ExAllocatePool'. Reason:  No tag interferes with debugging.
	FUNCTION: GetHashsB (2007)
=======
f:\driver\ad-bat\ad-bat\sys\sys.c (2021): warning 28159: Consider using 'ExAllocatePoolWithTag' instead of 'ExAllocatePool'. Reason:  No tag interferes with debugging.
	FUNCTION: GetHashsB (2007)
>>>>>>> .r34

<<<<<<< .mine
d:\project\ad-bat\ad-bat\sys\sys.c (223): warning 28159: Consider using 'IoAllocateMdl' instead of 'MmCreateMdl'. Reason:  Obsolete.
	FUNCTION: InitSsdtHook (143)
=======
f:\driver\ad-bat\ad-bat\sys\sys.c (219): warning 28159: Consider using 'IoAllocateMdl' instead of 'MmCreateMdl'. Reason:  Obsolete.
	FUNCTION: InitSsdtHook (139)
>>>>>>> .r34

<<<<<<< .mine
d:\project\ad-bat\ad-bat\sys\sys.c (234): warning 28145: The opaque MDL structure should not be modified by a driver.
	FUNCTION: InitSsdtHook (143)
=======
f:\driver\ad-bat\ad-bat\sys\sys.c (230): warning 28145: The opaque MDL structure should not be modified by a driver.
	FUNCTION: InitSsdtHook (139)
>>>>>>> .r34

<<<<<<< .mine
d:\project\ad-bat\ad-bat\sys\sys.c (235): warning 28159: Consider using 'MmMapLockedPagesSpecifyCache' instead of 'MmMapLockedPages'. Reason:  Obsolete except on Windows 98.  Use MmGetSystemAddressForMdlSafe if this is a call to MmGetSystemAddressForMdl..
	FUNCTION: InitSsdtHook (143)
=======
f:\driver\ad-bat\ad-bat\sys\sys.c (231): warning 28159: Consider using 'MmMapLockedPagesSpecifyCache' instead of 'MmMapLockedPages'. Reason:  Obsolete except on Windows 98.  Use MmGetSystemAddressForMdlSafe if this is a call to MmGetSystemAddressForMdl..
	FUNCTION: InitSsdtHook (139)
>>>>>>> .r34

-----------------------------------------------------------------------------
7 of 7 Defects Listed
Filter in effect: drivers_recommended
-----------------------------------------------------------------------------
You can change the filter and sort options from the user interface.
Enter PREFAST VIEW to display the defect log user interface.
